<?xml version="1.0" encoding="UTF-8"?>
<!-- Generated by org.testng.reporters.JUnitReportReporter -->
<testsuite hostname="DESKTOP-SBTNFQP" failures="0" tests="1" name="com.ninja.qa.TestPages.TestSearchPage" time="11.670" errors="0" timestamp="2023-10-10T14:27:39 IST" skipped="0">
  <testcase classname="com.ninja.qa.TestPages.TestSearchPage" name="searchProduct" time="11.670"/>
  <system-out/>
</testsuite> <!-- com.ninja.qa.TestPages.TestSearchPage -->
