<?xml version="1.0" encoding="UTF-8"?>
<!-- Generated by org.testng.reporters.JUnitReportReporter -->
<testsuite hostname="DESKTOP-SBTNFQP" failures="0" tests="1" name="com.ninja.qa.TestPages.TestProductPage" time="11.418" errors="0" timestamp="2023-10-11T16:49:41 IST" skipped="0">
  <testcase classname="com.ninja.qa.TestPages.TestProductPage" name="testproduct_addtocart" time="11.418"/>
  <system-out/>
</testsuite> <!-- com.ninja.qa.TestPages.TestProductPage -->
