<?xml version="1.0" encoding="UTF-8"?>
<!-- Generated by org.testng.reporters.JUnitReportReporter -->
<testsuite hostname="DESKTOP-SBTNFQP" failures="0" tests="1" name="com.ninja.qa.TestPages.TestRegisterPage" time="12.113" errors="0" timestamp="2023-10-10T14:31:00 IST" skipped="0">
  <testcase classname="com.ninja.qa.TestPages.TestRegisterPage" name="testregisterUser" time="12.113"/>
  <system-out/>
</testsuite> <!-- com.ninja.qa.TestPages.TestRegisterPage -->
