<?xml version="1.0" encoding="UTF-8"?>
<!-- Generated by org.testng.reporters.JUnitReportReporter -->
<testsuite hostname="DESKTOP-SBTNFQP" failures="0" tests="4" name="com.ninja.qa.TestPages.HomePageTest" time="23.660" errors="0" timestamp="2023-10-10T14:25:56 IST" skipped="0">
  <testcase classname="com.ninja.qa.TestPages.HomePageTest" name="testTitle" time="3.450"/>
  <system-out/>
  <testcase classname="com.ninja.qa.TestPages.HomePageTest" name="testRegisterLink" time="8.556"/>
  <system-out/>
  <testcase classname="com.ninja.qa.TestPages.HomePageTest" name="testLoginLink" time="3.870"/>
  <system-out/>
  <testcase classname="com.ninja.qa.TestPages.HomePageTest" name="testMacLink" time="7.784"/>
  <system-out/>
</testsuite> <!-- com.ninja.qa.TestPages.HomePageTest -->
