<?xml version="1.0" encoding="UTF-8"?>
<!-- Generated by org.testng.reporters.JUnitReportReporter -->
<testsuite hostname="DESKTOP-SBTNFQP" failures="0" tests="1" name="com.ninja.qa.TestPages.TestRegisterPage" time="11.858" errors="0" timestamp="2023-10-11T18:06:09 IST" skipped="0">
  <testcase classname="com.ninja.qa.TestPages.TestRegisterPage" name="testregisterUser" time="11.858"/>
  <system-out/>
</testsuite> <!-- com.ninja.qa.TestPages.TestRegisterPage -->
